# JRE version: OpenJDK Runtime Environment Temurin-21.0.11+10 (21.0.11+10) (build 21.0.11+10-LTS)
# Java VM: OpenJDK 64-Bit Server VM Temurin-21.0.11+10 (21.0.11+10-LTS, mixed mode, sharing, tiered, compressed oops, compressed class ptrs, parallel gc, windows-amd64)
GC Precious Log:
 CardTable entry size: 512
 CPUs: 8 total, 8 available
 Memory: 7418M
 Large Page Support: Disabled
 NUMA Support: Disabled
 Compressed Oops: Enabled (32-bit)
 Alignments: Space 512K, Generation 512K, Heap 2M
 Heap Min Capacity: 100M
 Heap Initial Capacity: 100M
 Heap Max Capacity: 2G
 Pre-touch: Disabled
 Parallel Workers: 8
Heap:
 PSYoungGen      total 6656K, used 2169K [0x00000000d5580000, 0x00000000d5f00000, 0x0000000100000000)
  eden space 6144K, 27% used [0x00000000d5580000,0x00000000d5726488,0x00000000d5b80000)
  from space 512K, 93% used [0x00000000d5d80000,0x00000000d5df8000,0x00000000d5e00000)
  to   space 1024K, 0% used [0x00000000d5e00000,0x00000000d5e00000,0x00000000d5f00000)
 ParOldGen       total 91648K, used 91389K [0x0000000080000000, 0x0000000085980000, 0x00000000d5580000)
  object space 91648K, 99% used [0x0000000080000000,0x000000008593f570,0x0000000085980000)
 Metaspace       used 73624K, committed 75200K, reserved 1179648K
  class space    used 7841K, committed 8512K, reserved 1048576K
GC Heap History (20 events):
Event: 1513.409 GC heap before
{Heap before GC invocations=137 (full 3):
 PSYoungGen      total 7168K, used 7167K [0x00000000d5580000, 0x00000000d6000000, 0x0000000100000000)
  eden space 6144K, 99% used [0x00000000d5580000,0x00000000d5b7fff0,0x00000000d5b80000)
  from space 1024K, 100% used [0x00000000d5c80000,0x00000000d5d80000,0x00000000d5d80000)
  to   space 1536K, 0% used [0x00000000d5e80000,0x00000000d5e80000,0x00000000d6000000)
 ParOldGen       total 85504K, used 85210K [0x0000000080000000, 0x0000000085380000, 0x00000000d5580000)
  object space 85504K, 99% used [0x0000000080000000,0x0000000085336a88,0x0000000085380000)
 Metaspace       used 70291K, committed 71744K, reserved 1114112K
  class space    used 7519K, committed 8128K, reserved 1048576K
}
Event: 1513.415 GC heap after
{Heap after GC invocations=137 (full 3):
 PSYoungGen      total 7680K, used 1048K [0x00000000d5580000, 0x00000000d6000000, 0x0000000100000000)
  eden space 6144K, 0% used [0x00000000d5580000,0x00000000d5580000,0x00000000d5b80000)
  from space 1536K, 68% used [0x00000000d5e80000,0x00000000d5f86040,0x00000000d6000000)
  to   space 1536K, 0% used [0x00000000d5d00000,0x00000000d5d00000,0x00000000d5e80000)
 ParOldGen       total 86528K, used 86033K [0x0000000080000000, 0x0000000085480000, 0x00000000d5580000)
  object space 86528K, 99% used [0x0000000080000000,0x00000000854044a8,0x0000000085480000)
 Metaspace       used 70291K, committed 71744K, reserved 1114112K
  class space    used 7519K, committed 8128K, reserved 1048576K
}
Event: 1514.032 GC heap before
{Heap before GC invocations=138 (full 3):
 PSYoungGen      total 7680K, used 7190K [0x00000000d5580000, 0x00000000d6000000, 0x0000000100000000)
  eden space 6144K, 99% used [0x00000000d5580000,0x00000000d5b7f940,0x00000000d5b80000)
  from space 1536K, 68% used [0x00000000d5e80000,0x00000000d5f86040,0x00000000d6000000)
  to   space 1536K, 0% used [0x00000000d5d00000,0x00000000d5d00000,0x00000000d5e80000)
 ParOldGen       total 86528K, used 86033K [0x0000000080000000, 0x0000000085480000, 0x00000000d5580000)
  object space 86528K, 99% used [0x0000000080000000,0x00000000854044a8,0x0000000085480000)
 Metaspace       used 70469K, committed 71936K, reserved 1114112K
  class space    used 7535K, committed 8128K, reserved 1048576K
}
Event: 1514.041 GC heap after
{Heap after GC invocations=138 (full 3):
 PSYoungGen      total 7680K, used 1524K [0x00000000d5580000, 0x00000000d6480000, 0x0000000100000000)
  eden space 6144K, 0% used [0x00000000d5580000,0x00000000d5580000,0x00000000d5b80000)
  from space 1536K, 99% used [0x00000000d5d00000,0x00000000d5e7d048,0x00000000d5e80000)
  to   space 4608K, 0% used [0x00000000d6000000,0x00000000d6000000,0x00000000d6480000)
 ParOldGen       total 89088K, used 88261K [0x0000000080000000, 0x0000000085700000, 0x00000000d5580000)
  object space 89088K, 99% used [0x0000000080000000,0x00000000856315e8,0x0000000085700000)
 Metaspace       used 70469K, committed 71936K, reserved 1114112K
  class space    used 7535K, committed 8128K, reserved 1048576K
}
Event: 1514.240 GC heap before
{Heap before GC invocations=139 (full 3):
 PSYoungGen      total 7680K, used 7668K [0x00000000d5580000, 0x00000000d6480000, 0x0000000100000000)
  eden space 6144K, 100% used [0x00000000d5580000,0x00000000d5b80000,0x00000000d5b80000)
  from space 1536K, 99% used [0x00000000d5d00000,0x00000000d5e7d048,0x00000000d5e80000)
  to   space 4608K, 0% used [0x00000000d6000000,0x00000000d6000000,0x00000000d6480000)
 ParOldGen       total 89088K, used 88261K [0x0000000080000000, 0x0000000085700000, 0x00000000d5580000)
  object space 89088K, 99% used [0x0000000080000000,0x00000000856315e8,0x0000000085700000)
 Metaspace       used 70574K, committed 72064K, reserved 1114112K
  class space    used 7543K, committed 8128K, reserved 1048576K
}
Event: 1514.243 GC heap after
{Heap after GC invocations=139 (full 3):
 PSYoungGen      total 7168K, used 948K [0x00000000d5580000, 0x00000000d6100000, 0x0000000100000000)
  eden space 6144K, 0% used [0x00000000d5580000,0x00000000d5580000,0x00000000d5b80000)
  from space 1024K, 92% used [0x00000000d6000000,0x00000000d60ed220,0x00000000d6100000)
  to   space 2048K, 0% used [0x00000000d5d00000,0x00000000d5d00000,0x00000000d5f00000)
 ParOldGen       total 89088K, used 88930K [0x0000000080000000, 0x0000000085700000, 0x00000000d5580000)
  object space 89088K, 99% used [0x0000000080000000,0x00000000856d8b68,0x0000000085700000)
 Metaspace       used 70574K, committed 72064K, reserved 1114112K
  class space    used 7543K, committed 8128K, reserved 1048576K
}
Event: 1514.958 GC heap before
{Heap before GC invocations=140 (full 3):
 PSYoungGen      total 7168K, used 7092K [0x00000000d5580000, 0x00000000d6100000, 0x0000000100000000)
  eden space 6144K, 99% used [0x00000000d5580000,0x00000000d5b7ffe8,0x00000000d5b80000)
  from space 1024K, 92% used [0x00000000d6000000,0x00000000d60ed220,0x00000000d6100000)
  to   space 2048K, 0% used [0x00000000d5d00000,0x00000000d5d00000,0x00000000d5f00000)
 ParOldGen       total 89088K, used 88930K [0x0000000080000000, 0x0000000085700000, 0x00000000d5580000)
  object space 89088K, 99% used [0x0000000080000000,0x00000000856d8b68,0x0000000085700000)
 Metaspace       used 70885K, committed 72384K, reserved 1114112K
  class space    used 7584K, committed 8192K, reserved 1048576K
}
Event: 1514.961 GC heap after
{Heap after GC invocations=140 (full 3):
 PSYoungGen      total 8192K, used 420K [0x00000000d5580000, 0x00000000d6080000, 0x0000000100000000)
  eden space 6144K, 0% used [0x00000000d5580000,0x00000000d5580000,0x00000000d5b80000)
  from space 2048K, 20% used [0x00000000d5d00000,0x00000000d5d69230,0x00000000d5f00000)
  to   space 1024K, 0% used [0x00000000d5f80000,0x00000000d5f80000,0x00000000d6080000)
 ParOldGen       total 89600K, used 89394K [0x0000000080000000, 0x0000000085780000, 0x00000000d5580000)
  object space 89600K, 99% used [0x0000000080000000,0x000000008574cb88,0x0000000085780000)
 Metaspace       used 70885K, committed 72384K, reserved 1114112K
  class space    used 7584K, committed 8192K, reserved 1048576K
}
Event: 1515.553 GC heap before
{Heap before GC invocations=141 (full 3):
 PSYoungGen      total 8192K, used 6564K [0x00000000d5580000, 0x00000000d6080000, 0x0000000100000000)
  eden space 6144K, 100% used [0x00000000d5580000,0x00000000d5b80000,0x00000000d5b80000)
  from space 2048K, 20% used [0x00000000d5d00000,0x00000000d5d69230,0x00000000d5f00000)
  to   space 1024K, 0% used [0x00000000d5f80000,0x00000000d5f80000,0x00000000d6080000)
 ParOldGen       total 89600K, used 89394K [0x0000000080000000, 0x0000000085780000, 0x00000000d5580000)
  object space 89600K, 99% used [0x0000000080000000,0x000000008574cb88,0x0000000085780000)
 Metaspace       used 71275K, committed 72768K, reserved 1114112K
  class space    used 7637K, committed 8256K, reserved 1048576K
}
Event: 1515.556 GC heap after
{Heap after GC invocations=141 (full 3):
 PSYoungGen      total 7168K, used 993K [0x00000000d5580000, 0x00000000d6080000, 0x0000000100000000)
  eden space 6144K, 0% used [0x00000000d5580000,0x00000000d5580000,0x00000000d5b80000)
  from space 1024K, 97% used [0x00000000d5f80000,0x00000000d6078738,0x00000000d6080000)
  to   space 1536K, 0% used [0x00000000d5d80000,0x00000000d5d80000,0x00000000d5f00000)
 ParOldGen       total 90112K, used 89640K [0x0000000080000000, 0x0000000085800000, 0x00000000d5580000)
  object space 90112K, 99% used [0x0000000080000000,0x000000008578a168,0x0000000085800000)
 Metaspace       used 71275K, committed 72768K, reserved 1114112K
  class space    used 7637K, committed 8256K, reserved 1048576K
}
Event: 1515.944 GC heap before
{Heap before GC invocations=142 (full 3):
 PSYoungGen      total 7168K, used 7137K [0x00000000d5580000, 0x00000000d6080000, 0x0000000100000000)
  eden space 6144K, 100% used [0x00000000d5580000,0x00000000d5b80000,0x00000000d5b80000)
  from space 1024K, 97% used [0x00000000d5f80000,0x00000000d6078738,0x00000000d6080000)
  to   space 1536K, 0% used [0x00000000d5d80000,0x00000000d5d80000,0x00000000d5f00000)
 ParOldGen       total 90112K, used 89640K [0x0000000080000000, 0x0000000085800000, 0x00000000d5580000)
  object space 90112K, 99% used [0x0000000080000000,0x000000008578a168,0x0000000085800000)
 Metaspace       used 71753K, committed 73280K, reserved 1114112K
  class space    used 7673K, committed 8256K, reserved 1048576K
}
Event: 1515.947 GC heap after
{Heap after GC invocations=142 (full 3):
 PSYoungGen      total 7680K, used 474K [0x00000000d5580000, 0x00000000d6000000, 0x0000000100000000)
  eden space 6144K, 0% used [0x00000000d5580000,0x00000000d5580000,0x00000000d5b80000)
  from space 1536K, 30% used [0x00000000d5d80000,0x00000000d5df6940,0x00000000d5f00000)
  to   space 1024K, 0% used [0x00000000d5f00000,0x00000000d5f00000,0x00000000d6000000)
 ParOldGen       total 90112K, used 89808K [0x0000000080000000, 0x0000000085800000, 0x00000000d5580000)
  object space 90112K, 99% used [0x0000000080000000,0x00000000857b4168,0x0000000085800000)
 Metaspace       used 71753K, committed 73280K, reserved 1114112K
  class space    used 7673K, committed 8256K, reserved 1048576K
}
Event: 1516.084 GC heap before
{Heap before GC invocations=143 (full 3):
 PSYoungGen      total 7680K, used 6618K [0x00000000d5580000, 0x00000000d6000000, 0x0000000100000000)
  eden space 6144K, 100% used [0x00000000d5580000,0x00000000d5b80000,0x00000000d5b80000)
  from space 1536K, 30% used [0x00000000d5d80000,0x00000000d5df6940,0x00000000d5f00000)
  to   space 1024K, 0% used [0x00000000d5f00000,0x00000000d5f00000,0x00000000d6000000)
 ParOldGen       total 90112K, used 89808K [0x0000000080000000, 0x0000000085800000, 0x00000000d5580000)
  object space 90112K, 99% used [0x0000000080000000,0x00000000857b4168,0x0000000085800000)
 Metaspace       used 71930K, committed 73408K, reserved 1114112K
  class space    used 7683K, committed 8256K, reserved 1048576K
}
Event: 1516.087 GC heap after
{Heap after GC invocations=143 (full 3):
 PSYoungGen      total 7168K, used 820K [0x00000000d5580000, 0x00000000d6000000, 0x0000000100000000)
  eden space 6144K, 0% used [0x00000000d5580000,0x00000000d5580000,0x00000000d5b80000)
  from space 1024K, 80% used [0x00000000d5f00000,0x00000000d5fcd200,0x00000000d6000000)
  to   space 1024K, 0% used [0x00000000d5e00000,0x00000000d5e00000,0x00000000d5f00000)
 ParOldGen       total 90112K, used 90008K [0x0000000080000000, 0x0000000085800000, 0x00000000d5580000)
  object space 90112K, 99% used [0x0000000080000000,0x00000000857e61a8,0x0000000085800000)
 Metaspace       used 71930K, committed 73408K, reserved 1114112K
  class space    used 7683K, committed 8256K, reserved 1048576K
}
Event: 1516.436 GC heap before
{Heap before GC invocations=144 (full 3):
 PSYoungGen      total 7168K, used 6964K [0x00000000d5580000, 0x00000000d6000000, 0x0000000100000000)
  eden space 6144K, 100% used [0x00000000d5580000,0x00000000d5b80000,0x00000000d5b80000)
  from space 1024K, 80% used [0x00000000d5f00000,0x00000000d5fcd200,0x00000000d6000000)
  to   space 1024K, 0% used [0x00000000d5e00000,0x00000000d5e00000,0x00000000d5f00000)
 ParOldGen       total 90112K, used 90008K [0x0000000080000000, 0x0000000085800000, 0x00000000d5580000)
  object space 90112K, 99% used [0x0000000080000000,0x00000000857e61a8,0x0000000085800000)
 Metaspace       used 72429K, committed 73920K, reserved 1179648K
  class space    used 7710K, committed 8320K, reserved 1048576K
}
Event: 1516.438 GC heap after
{Heap after GC invocations=144 (full 3):
 PSYoungGen      total 6656K, used 511K [0x00000000d5580000, 0x00000000d5f80000, 0x0000000100000000)
  eden space 6144K, 0% used [0x00000000d5580000,0x00000000d5580000,0x00000000d5b80000)
  from space 512K, 99% used [0x00000000d5e00000,0x00000000d5e7ff70,0x00000000d5e80000)
  to   space 1024K, 0% used [0x00000000d5e80000,0x00000000d5e80000,0x00000000d5f80000)
 ParOldGen       total 90624K, used 90352K [0x0000000080000000, 0x0000000085880000, 0x00000000d5580000)
  object space 90624K, 99% used [0x0000000080000000,0x000000008583c1a8,0x0000000085880000)
 Metaspace       used 72429K, committed 73920K, reserved 1179648K
  class space    used 7710K, committed 8320K, reserved 1048576K
}
Event: 1516.923 GC heap before
{Heap before GC invocations=145 (full 3):
 PSYoungGen      total 6656K, used 6655K [0x00000000d5580000, 0x00000000d5f80000, 0x0000000100000000)
  eden space 6144K, 100% used [0x00000000d5580000,0x00000000d5b80000,0x00000000d5b80000)
  from space 512K, 99% used [0x00000000d5e00000,0x00000000d5e7ff70,0x00000000d5e80000)
  to   space 1024K, 0% used [0x00000000d5e80000,0x00000000d5e80000,0x00000000d5f80000)
 ParOldGen       total 90624K, used 90352K [0x0000000080000000, 0x0000000085880000, 0x00000000d5580000)
  object space 90624K, 99% used [0x0000000080000000,0x000000008583c1a8,0x0000000085880000)
 Metaspace       used 73002K, committed 74624K, reserved 1179648K
  class space    used 7765K, committed 8448K, reserved 1048576K
}
Event: 1516.926 GC heap after
{Heap after GC invocations=145 (full 3):
 PSYoungGen      total 7168K, used 928K [0x00000000d5580000, 0x00000000d5f80000, 0x0000000100000000)
  eden space 6144K, 0% used [0x00000000d5580000,0x00000000d5580000,0x00000000d5b80000)
  from space 1024K, 90% used [0x00000000d5e80000,0x00000000d5f68000,0x00000000d5f80000)
  to   space 1024K, 0% used [0x00000000d5d80000,0x00000000d5d80000,0x00000000d5e80000)
 ParOldGen       total 90624K, used 90608K [0x0000000080000000, 0x0000000085880000, 0x00000000d5580000)
  object space 90624K, 99% used [0x0000000080000000,0x000000008587c1a8,0x0000000085880000)
 Metaspace       used 73002K, committed 74624K, reserved 1179648K
  class space    used 7765K, committed 8448K, reserved 1048576K
}
Event: 1532.056 GC heap before
{Heap before GC invocations=146 (full 3):
 PSYoungGen      total 7168K, used 7072K [0x00000000d5580000, 0x00000000d5f80000, 0x0000000100000000)
  eden space 6144K, 100% used [0x00000000d5580000,0x00000000d5b80000,0x00000000d5b80000)
  from space 1024K, 90% used [0x00000000d5e80000,0x00000000d5f68000,0x00000000d5f80000)
  to   space 1024K, 0% used [0x00000000d5d80000,0x00000000d5d80000,0x00000000d5e80000)
 ParOldGen       total 90624K, used 90608K [0x0000000080000000, 0x0000000085880000, 0x00000000d5580000)
  object space 90624K, 99% used [0x0000000080000000,0x000000008587c1a8,0x0000000085880000)
 Metaspace       used 73571K, committed 75136K, reserved 1179648K
  class space    used 7836K, committed 8512K, reserved 1048576K
}
Event: 1532.061 GC heap after
{Heap after GC invocations=146 (full 3):
 PSYoungGen      total 6656K, used 480K [0x00000000d5580000, 0x00000000d5f00000, 0x0000000100000000)
  eden space 6144K, 0% used [0x00000000d5580000,0x00000000d5580000,0x00000000d5b80000)
  from space 512K, 93% used [0x00000000d5d80000,0x00000000d5df8000,0x00000000d5e00000)
  to   space 1024K, 0% used [0x00000000d5e00000,0x00000000d5e00000,0x00000000d5f00000)
 ParOldGen       total 91648K, used 91389K [0x0000000080000000, 0x0000000085980000, 0x00000000d5580000)
  object space 91648K, 99% used [0x0000000080000000,0x000000008593f570,0x0000000085980000)
 Metaspace       used 73571K, committed 75136K, reserved 1179648K
  class space    used 7836K, committed 8512K, reserved 1048576K
}

